<?xml version="1.0" encoding="UTF-8"?>
<!-- Generated by org.testng.reporters.JUnitReportReporter -->
<testsuite hostname="US-FG87XM3" failures="0" tests="2" name="rahulshettyacademy.tests.ErrorValidationsTest" time="10.423" errors="0" timestamp="2024-09-02T12:51:33 IST" skipped="0">
  <testcase classname="rahulshettyacademy.tests.ErrorValidationsTest" name="LoginErrorValidation" time="4.394"/>
  <testcase classname="rahulshettyacademy.tests.ErrorValidationsTest" name="ProductErrorValidation" time="6.029"/>
</testsuite> <!-- rahulshettyacademy.tests.ErrorValidationsTest -->
