<?xml version="1.0" encoding="UTF-8"?>
<!-- Generated by org.testng.reporters.JUnitReportReporter -->
<testsuite hostname="US-FG87XM3" failures="0" tests="3" name="rahulshettyacademy.tests.SubmitOrderTest" time="16.814" errors="0" timestamp="2024-09-02T12:51:33 IST" skipped="0">
  <testcase classname="rahulshettyacademy.tests.SubmitOrderTest" name="submitOrder" time="6.417"/>
  <testcase classname="rahulshettyacademy.tests.SubmitOrderTest" name="submitOrder" time="7.042"/>
  <testcase classname="rahulshettyacademy.tests.SubmitOrderTest" name="OrderHistoryTest" time="3.355"/>
</testsuite> <!-- rahulshettyacademy.tests.SubmitOrderTest -->
